<?xml version="1.0" encoding="UTF-8"?>
<!-- Generated by org.testng.reporters.JUnitReportReporter -->
<testsuite hostname="DESKTOP-NBEVFU4" failures="0" tests="1" name="BasicCommands.SeleniumCommands" time="6.944" errors="0" timestamp="2023-03-24T18:40:43 GST" skipped="0">
  <testcase classname="BasicCommands.SeleniumCommands" name="Tc044_verifyWaitsinSelenium" time="6.944"/>
  <system-out/>
</testsuite> <!-- BasicCommands.SeleniumCommands -->
