<?xml version="1.0" encoding="UTF-8"?>
<!-- Generated by org.testng.reporters.JUnitReportReporter -->
<testsuite hostname="DESKTOP-NBEVFU4" failures="0" tests="1" name="BasicCommands.SeleniumCommands" time="25.443" errors="0" timestamp="2023-03-23T15:05:22 GST" skipped="0">
  <testcase classname="BasicCommands.SeleniumCommands" name="TC041_verifyTable" time="25.443"/>
  <system-out/>
</testsuite> <!-- BasicCommands.SeleniumCommands -->
