<?xml version="1.0" encoding="UTF-8"?>
<!-- Generated by org.testng.reporters.JUnitReportReporter -->
<testsuite hostname="DESKTOP-NBEVFU4" failures="0" tests="5" name="BasicCommands.DemoWebShop" time="33.062" errors="0" timestamp="2023-03-28T19:25:07 GST" skipped="0">
  <testcase classname="BasicCommands.DemoWebShop" name="TC007_verifyLoginwithinvalidDatas" time="6.116"/>
  <system-out/>
  <testcase classname="BasicCommands.DemoWebShop" name="TC002_verifyDemoshopLoginpage" time="7.628"/>
  <system-out/>
  <testcase classname="BasicCommands.DemoWebShop" name="Tc004_verifyTitleexcelRead" time="5.497"/>
  <system-out/>
  <testcase classname="BasicCommands.DemoWebShop" name="TC007_verifyLoginwithinvalidDatas" time="8.107"/>
  <system-out/>
  <testcase classname="BasicCommands.DemoWebShop" name="TC007_verifyLoginwithinvalidDatas" time="5.714"/>
  <system-out/>
</testsuite> <!-- BasicCommands.DemoWebShop -->
