<?xml version="1.0" encoding="UTF-8"?>
<!-- Generated by org.testng.reporters.JUnitReportReporter -->
<testsuite hostname="DESKTOP-NBEVFU4" failures="0" tests="1" name="BasicCommands.SeleniumCommands" time="12.612" errors="0" timestamp="2023-03-09T19:16:35 GST" skipped="0">
  <testcase classname="BasicCommands.SeleniumCommands" name="TC023_verifyTextinAframe" time="12.612"/>
  <system-out/>
</testsuite> <!-- BasicCommands.SeleniumCommands -->
