<?xml version="1.0" encoding="UTF-8"?>
<!-- Generated by org.testng.reporters.JUnitReportReporter -->
<testsuite hostname="DESKTOP-NBEVFU4" failures="0" tests="1" name="BasicCommands.SeleniumCommands" time="4.624" errors="0" timestamp="2023-03-06T19:05:02 GST" skipped="0">
  <testcase classname="BasicCommands.SeleniumCommands" name="TC018_verifyIsenabled" time="4.624"/>
  <system-out/>
</testsuite> <!-- BasicCommands.SeleniumCommands -->
