<?xml version="1.0" encoding="UTF-8"?>
<!-- Generated by org.testng.reporters.JUnitReportReporter -->
<testsuite hostname="DESKTOP-NBEVFU4" failures="0" tests="1" name="BasicCommands.SeleniumCommands" time="8.124" errors="0" timestamp="2023-03-17T10:04:23 GST" skipped="0">
  <testcase classname="BasicCommands.SeleniumCommands" name="TC040_verifyScrollhorizontal" time="8.124"/>
  <system-out/>
</testsuite> <!-- BasicCommands.SeleniumCommands -->
