<?xml version="1.0" encoding="UTF-8"?>
<!-- Generated by org.testng.reporters.JUnitReportReporter -->
<testsuite hostname="DESKTOP-NBEVFU4" failures="0" tests="1" name="BasicCommands.SeleniumCommands" time="9.366" errors="0" timestamp="2023-03-14T09:15:18 GST" skipped="0">
  <testcase classname="BasicCommands.SeleniumCommands" name="TC_001_verifyObsquraTitle" time="9.366"/>
  <system-out/>
</testsuite> <!-- BasicCommands.SeleniumCommands -->
